<?xml version="1.0" encoding="UTF-8"?>
<!-- Generated by org.testng.reporters.JUnitReportReporter -->
<testsuite skipped="0" hostname="Dimeys" name="PolynomTest" tests="8" failures="0" timestamp="21 фев 2018 05:37:40 GMT" time="0.036" errors="0">
  <testcase name="testSolve" time="0.000" classname="PolynomTest"/>
  <testcase name="testSolve" time="0.000" classname="PolynomTest"/>
  <testcase name="testEquals" time="0.036" classname="PolynomTest"/>
  <testcase name="testSolve" time="0.000" classname="PolynomTest"/>
  <testcase name="testSolve" time="0.000" classname="PolynomTest"/>
  <testcase name="testSolve" time="0.000" classname="PolynomTest"/>
  <testcase name="testGetCoef" time="0.000" classname="PolynomTest"/>
  <testcase name="testSolve" time="0.000" classname="PolynomTest"/>
</testsuite> <!-- PolynomTest -->
